#
# There is insufficient memory for the Java Runtime Environment to continue.
# Native memory allocation (mmap) failed to map 58720256 bytes for G1 virtual space
# Possible reasons:
#   The system is out of physical RAM or swap space
#   The process is running with CompressedOops enabled, and the Java Heap may be blocking the growth of the native heap
# Possible solutions:
#   Reduce memory load on the system
#   Increase physical memory or swap space
#   Check if swap backing store is full
#   Decrease Java heap size (-Xmx/-Xms)
#   Decrease number of Java threads
#   Decrease Java thread stack sizes (-Xss)
#   Set larger code cache with -XX:ReservedCodeCacheSize=
#   JVM is running with Unscaled Compressed Oops mode in which the Java heap is
#     placed in the first 4GB address space. The Java Heap base address is the
#     maximum limit for the native heap growth. Please use -XX:HeapBaseMinAddress
#     to set the Java Heap base and to place the Java Heap above 4GB virtual address.
# This output file may be truncated or incomplete.
#
#  Out of Memory Error (os_windows.cpp:3600), pid=16644, tid=15556
#
# JRE version:  (21.0.2+13) (build )
# Java VM: Java HotSpot(TM) 64-Bit Server VM (21.0.2+13-LTS-58, mixed mode, sharing, tiered, compressed oops, compressed class ptrs, g1 gc, windows-amd64)
# No core dump will be written. Minidumps are not enabled by default on client versions of Windows
#

---------------  S U M M A R Y ------------

Command Line: -Dfile.encoding=UTF-8 -Dstdout.encoding=UTF-8 -Dstderr.encoding=UTF-8 -XX:+ShowCodeDetailsInExceptionMessages librarysystem.Main

Host: AMD Athlon Silver 3050U with Radeon Graphics   , 2 cores, 3G,  Windows 11 , 64 bit Build 22621 (10.0.22621.3235)
Time: Thu Apr 11 20:08:26 2024 Central Daylight Time elapsed time: 0.028102 seconds (0d 0h 0m 0s)

---------------  T H R E A D  ---------------

Current thread (0x00000157e9d47e40):  JavaThread "Unknown thread" [_thread_in_vm, id=15556, stack(0x00000028b0700000,0x00000028b0800000) (1024K)]

Stack: [0x00000028b0700000,0x00000028b0800000]
Native frames: (J=compiled Java code, j=interpreted, Vv=VM code, C=native code)
V  [jvm.dll+0x6cade9]
V  [jvm.dll+0x8569c1]
V  [jvm.dll+0x858d2e]
V  [jvm.dll+0x859413]
V  [jvm.dll+0x280e56]
V  [jvm.dll+0x6c74d5]
V  [jvm.dll+0x6bbeca]
V  [jvm.dll+0x355bca]
V  [jvm.dll+0x35d816]
V  [jvm.dll+0x3ae67e]
V  [jvm.dll+0x3ae928]
V  [jvm.dll+0x3295dc]
V  [jvm.dll+0x32a16b]
V  [jvm.dll+0x81efa9]
V  [jvm.dll+0x3bba01]
V  [jvm.dll+0x807928]
V  [jvm.dll+0x44f50e]
V  [jvm.dll+0x450e11]
C  [jli.dll+0x52a3]
C  [ucrtbase.dll+0x29363]
C  [KERNEL32.DLL+0x1257d]
C  [ntdll.dll+0x5aa58]


---------------  P R O C E S S  ---------------

Threads class SMR info:
_java_thread_list=0x00007ffea1dbbb88, length=0, elements={
}

Java Threads: ( => current thread )
Total: 0

Other Threads:
  0x00000157ebf65de0 WorkerThread "GC Thread#0"                     [id=13792, stack(0x00000028b0800000,0x00000028b0900000) (1024K)]
  0x00000157ebf6da00 ConcurrentGCThread "G1 Main Marker"            [id=4496, stack(0x00000028b0900000,0x00000028b0a00000) (1024K)]
  0x00000157ebf6e500 WorkerThread "G1 Conc#0"                       [id=17108, stack(0x00000028b0a00000,0x00000028b0b00000) (1024K)]

[error occurred during error reporting (printing all threads), id 0xc0000005, EXCEPTION_ACCESS_VIOLATION (0xc0000005) at pc=0x00007ffea152c6a7]
VM state: not at safepoint (not fully initialized)

VM Mutex/Monitor currently owned by a thread:  ([mutex/lock_event])
[0x00007ffea1e2ce68] Heap_lock - owner thread: 0x00000157e9d47e40

Heap address: 0x00000000c9e00000, size: 866 MB, Compressed Oops mode: 32-bit

CDS archive(s) mapped at: [0x0000000000000000-0x0000000000000000-0x0000000000000000), size 0, SharedBaseAddress: 0x0000000800000000, ArchiveRelocationMode: 1.
Narrow klass base: 0x0000000000000000, Narrow klass shift: 0, Narrow klass range: 0x0

GC Precious Log:
 CardTable entry size: 512
 Card Set container configuration: InlinePtr #cards 5 size 8 Array Of Cards #cards 12 size 40 Howl #buckets 4 coarsen threshold 1843 Howl Bitmap #cards 512 size 80 coarsen threshold 460 Card regions per heap region 1 cards per card region 2048

Heap:
 garbage-first heap   total 0K, used 0K [0x00000000c9e00000, 0x0000000100000000)
  region size 1024K, 0 young (0K), 0 survivors (0K)

[error occurred during error reporting (printing heap information), id 0xc0000005, EXCEPTION_ACCESS_VIOLATION (0xc0000005) at pc=0x00007ffea19139f9]
GC Heap History (0 events):
No events

Dll operation events (1 events):
Event: 0.013 Loaded shared library C:\Program Files\Java\jdk-21\bin\java.dll

Deoptimization events (0 events):
No events

Classes loaded (0 events):
No events

Classes unloaded (0 events):
No events

Classes redefined (0 events):
No events

Internal exceptions (0 events):
No events

ZGC Phase Switch (0 events):
No events

VM Operations (0 events):
No events

Events (0 events):
No events


Dynamic libraries:
0x00007ff7ced40000 - 0x00007ff7ced50000 	C:\Program Files\Java\jdk-21\bin\javaw.exe
0x00007fff40d10000 - 0x00007fff40f26000 	C:\WINDOWS\SYSTEM32\ntdll.dll
0x00007fff3f590000 - 0x00007fff3f654000 	C:\WINDOWS\System32\KERNEL32.DLL
0x00007fff3e480000 - 0x00007fff3e826000 	C:\WINDOWS\System32\KERNELBASE.dll
0x00007fff3e2f0000 - 0x00007fff3e401000 	C:\WINDOWS\System32\ucrtbase.dll
0x00007fff26bd0000 - 0x00007fff26be9000 	C:\Program Files\Java\jdk-21\bin\jli.dll
0x00007fff40c10000 - 0x00007fff40cc2000 	C:\WINDOWS\System32\ADVAPI32.dll
0x00007fff3f350000 - 0x00007fff3f3f7000 	C:\WINDOWS\System32\msvcrt.dll
0x00007fff3ee00000 - 0x00007fff3eea8000 	C:\WINDOWS\System32\sechost.dll
0x00007fff3e080000 - 0x00007fff3e0a8000 	C:\WINDOWS\System32\bcrypt.dll
0x00007fff3f400000 - 0x00007fff3f515000 	C:\WINDOWS\System32\RPCRT4.dll
0x00007fff3f9f0000 - 0x00007fff3fb9d000 	C:\WINDOWS\System32\USER32.dll
0x00007fff3e050000 - 0x00007fff3e076000 	C:\WINDOWS\System32\win32u.dll
0x00007fff3ea60000 - 0x00007fff3ea89000 	C:\WINDOWS\System32\GDI32.dll
0x00007fff3e150000 - 0x00007fff3e268000 	C:\WINDOWS\System32\gdi32full.dll
0x00007fff3e0b0000 - 0x00007fff3e14a000 	C:\WINDOWS\System32\msvcp_win.dll
0x00007fff23e90000 - 0x00007fff24123000 	C:\WINDOWS\WinSxS\amd64_microsoft.windows.common-controls_6595b64144ccf1df_6.0.22621.3235_none_270f74e173860f98\COMCTL32.dll
0x00007fff35ba0000 - 0x00007fff35baa000 	C:\WINDOWS\SYSTEM32\VERSION.dll
0x00007fff093c0000 - 0x00007fff093db000 	C:\Program Files\Java\jdk-21\bin\VCRUNTIME140.dll
0x00007fff3edc0000 - 0x00007fff3edf1000 	C:\WINDOWS\System32\IMM32.DLL
0x00007fff12fa0000 - 0x00007fff12fac000 	C:\Program Files\Java\jdk-21\bin\vcruntime140_1.dll
0x00007fff09330000 - 0x00007fff093be000 	C:\Program Files\Java\jdk-21\bin\msvcp140.dll
0x00007ffea11f0000 - 0x00007ffea1f07000 	C:\Program Files\Java\jdk-21\bin\server\jvm.dll
0x00007fff3ef70000 - 0x00007fff3efe1000 	C:\WINDOWS\System32\WS2_32.dll
0x00007fff3df20000 - 0x00007fff3df6d000 	C:\WINDOWS\SYSTEM32\POWRPROF.dll
0x00007fff35ec0000 - 0x00007fff35ef4000 	C:\WINDOWS\SYSTEM32\WINMM.dll
0x00007fff3df00000 - 0x00007fff3df13000 	C:\WINDOWS\SYSTEM32\UMPDC.dll
0x00007fff3d090000 - 0x00007fff3d0a8000 	C:\WINDOWS\SYSTEM32\kernel.appcore.dll
0x00007fff25940000 - 0x00007fff2594a000 	C:\Program Files\Java\jdk-21\bin\jimage.dll
0x00007fff327b0000 - 0x00007fff329e3000 	C:\WINDOWS\SYSTEM32\DBGHELP.DLL
0x00007fff3f660000 - 0x00007fff3f9e8000 	C:\WINDOWS\System32\combase.dll
0x00007fff3f150000 - 0x00007fff3f227000 	C:\WINDOWS\System32\OLEAUT32.dll
0x00007fff25da0000 - 0x00007fff25dd2000 	C:\WINDOWS\SYSTEM32\dbgcore.DLL
0x00007fff3e270000 - 0x00007fff3e2ea000 	C:\WINDOWS\System32\bcryptPrimitives.dll
0x00007fff186c0000 - 0x00007fff186df000 	C:\Program Files\Java\jdk-21\bin\java.dll

dbghelp: loaded successfully - version: 4.0.5 - missing functions: none
symbol engine: initialized successfully - sym options: 0x614 - pdb path: .;C:\Program Files\Java\jdk-21\bin;C:\WINDOWS\SYSTEM32;C:\WINDOWS\WinSxS\amd64_microsoft.windows.common-controls_6595b64144ccf1df_6.0.22621.3235_none_270f74e173860f98;C:\Program Files\Java\jdk-21\bin\server

VM Arguments:
jvm_args: -Dfile.encoding=UTF-8 -Dstdout.encoding=UTF-8 -Dstderr.encoding=UTF-8 -XX:+ShowCodeDetailsInExceptionMessages 
java_command: librarysystem.Main
java_class_path (initial): C:\Users\yohan\Documents\MPPLibrarySystem\bin;C:\Users\yohan\Documents\MPPLibrarySystem\jgoodies-forms-1.8.0.jar
Launcher Type: SUN_STANDARD

[Global flags]
     intx CICompilerCount                          = 2                                         {product} {ergonomic}
     uint ConcGCThreads                            = 1                                         {product} {ergonomic}
     uint G1ConcRefinementThreads                  = 2                                         {product} {ergonomic}
   size_t G1HeapRegionSize                         = 1048576                                   {product} {ergonomic}
    uintx GCDrainStackTargetSize                   = 64                                        {product} {ergonomic}
   size_t InitialHeapSize                          = 58720256                                  {product} {ergonomic}
   size_t MarkStackSize                            = 4194304                                   {product} {ergonomic}
   size_t MaxHeapSize                              = 908066816                                 {product} {ergonomic}
   size_t MinHeapDeltaBytes                        = 1048576                                   {product} {ergonomic}
   size_t MinHeapSize                              = 8388608                                   {product} {ergonomic}
    uintx NonNMethodCodeHeapSize                   = 5826188                                {pd product} {ergonomic}
    uintx NonProfiledCodeHeapSize                  = 122916026                              {pd product} {ergonomic}
    uintx ProfiledCodeHeapSize                     = 122916026                              {pd product} {ergonomic}
    uintx ReservedCodeCacheSize                    = 251658240                              {pd product} {ergonomic}
     bool SegmentedCodeCache                       = true                                      {product} {ergonomic}
     bool ShowCodeDetailsInExceptionMessages       = true                                   {manageable} {command line}
   size_t SoftMaxHeapSize                          = 908066816                              {manageable} {ergonomic}
     bool UseCompressedOops                        = true                           {product lp64_product} {ergonomic}
     bool UseG1GC                                  = true                                      {product} {ergonomic}
     bool UseLargePagesIndividualAllocation        = false                                  {pd product} {ergonomic}

Logging:
Log output configuration:
 #0: stdout all=warning uptime,level,tags foldmultilines=false
 #1: stderr all=off uptime,level,tags foldmultilines=false

Environment Variables:
JAVA_HOME=C:\Program Files\Java\jdk-21
PATH=C:/Program Files/Java/jdk-21/bin/server;C:/Program Files/Java/jdk-21/bin;C:\WINDOWS\system32;C:\WINDOWS;C:\WINDOWS\System32\Wbem;C:\WINDOWS\System32\WindowsPowerShell\v1.0\;C:\WINDOWS\System32\OpenSSH\;C:\Program Files\Git\cmd;C:\Program Files\Java\jdk-21\bin;C:\Users\yohan\AppData\Local\Microsoft\WindowsApps;;C:\Users\yohan\AppData\Local\Programs\Microsoft VS Code\bin;C:\Program Files\JetBrains\IntelliJ IDEA 2023.3.4\bin;;C:\WINDOWS\system32;
USERNAME=yohan
OS=Windows_NT
PROCESSOR_IDENTIFIER=AMD64 Family 23 Model 24 Stepping 1, AuthenticAMD
TMP=C:\Users\yohan\AppData\Local\Temp
TEMP=C:\Users\yohan\AppData\Local\Temp




Periodic native trim disabled

---------------  S Y S T E M  ---------------

OS:
 Windows 11 , 64 bit Build 22621 (10.0.22621.3235)
OS uptime: 2 days 9:28 hours

CPU: total 2 (initial active 2) (2 cores per cpu, 1 threads per core) family 23 model 24 stepping 1 microcode 0x0, cx8, cmov, fxsr, mmx, 3dnowpref, sse, sse2, sse3, ssse3, sse4a, sse4.1, sse4.2, popcnt, lzcnt, tsc, tscinvbit, avx, avx2, aes, clmul, bmi1, bmi2, adx, sha, fma, vzeroupper, clflush, clflushopt, rdtscp, f16c
Processor Information for all 2 processors :
  Max Mhz: 2300, Current Mhz: 2300, Mhz Limit: 2300

Memory: 4k page, system-wide physical 3463M (197M free)
TotalPageFile size 14215M (AvailPageFile size 13M)
current process WorkingSet (physical memory assigned to process): 10M, peak: 10M
current process commit charge ("private bytes"): 47M, peak: 103M

vm_info: Java HotSpot(TM) 64-Bit Server VM (21.0.2+13-LTS-58) for windows-amd64 JRE (21.0.2+13-LTS-58), built on 2024-01-05T18:32:24Z by "mach5one" with MS VC++ 17.1 (VS2022)

END.
